2015-04-21 10:15:50,424 [main] WARN  o.e.r.c.r.p.ProcessableProposalFactory - Unknown JDT proposal type 'class org.eclipse.jdt.internal.ui.text.java.LazyJavaCompletionProposal' ('@since'). Returning original proposal instead.
2015-04-21 10:15:50,449 [main] WARN  o.e.r.c.r.p.ProcessableProposalFactory - Unknown JDT proposal type 'class org.eclipse.jdt.internal.ui.text.javadoc.JavadocInlineTagCompletionProposal' ('{@linkplain}'). Returning original proposal instead.
2015-04-21 10:15:50,451 [main] WARN  o.e.r.c.r.p.ProcessableProposalFactory - Unknown JDT proposal type 'class org.eclipse.jdt.internal.ui.text.java.LazyJavaCompletionProposal' ('@param'). Returning original proposal instead.
2015-04-21 10:15:50,452 [main] WARN  o.e.r.c.r.p.ProcessableProposalFactory - Unknown JDT proposal type 'class org.eclipse.jdt.internal.ui.text.java.LazyJavaCompletionProposal' ('@category'). Returning original proposal instead.
2015-04-21 10:15:50,453 [main] WARN  o.e.r.c.r.p.ProcessableProposalFactory - Unknown JDT proposal type 'class org.eclipse.jdt.internal.ui.text.java.LazyJavaCompletionProposal' ('@see'). Returning original proposal instead.
2015-04-21 10:15:50,454 [main] WARN  o.e.r.c.r.p.ProcessableProposalFactory - Unknown JDT proposal type 'class org.eclipse.jdt.internal.ui.text.java.LazyJavaCompletionProposal' ('@return'). Returning original proposal instead.
2015-04-21 10:15:50,455 [main] WARN  o.e.r.c.r.p.ProcessableProposalFactory - Unknown JDT proposal type 'class org.eclipse.jdt.internal.ui.text.java.LazyJavaCompletionProposal' ('@exception'). Returning original proposal instead.
2015-04-21 10:15:50,456 [main] WARN  o.e.r.c.r.p.ProcessableProposalFactory - Unknown JDT proposal type 'class org.eclipse.jdt.internal.ui.text.java.LazyJavaCompletionProposal' ('@serialData'). Returning original proposal instead.
2015-04-21 10:15:50,457 [main] WARN  o.e.r.c.r.p.ProcessableProposalFactory - Unknown JDT proposal type 'class org.eclipse.jdt.internal.ui.text.javadoc.JavadocInlineTagCompletionProposal' ('{@code}'). Returning original proposal instead.
2015-04-21 10:15:50,457 [main] WARN  o.e.r.c.r.p.ProcessableProposalFactory - Unknown JDT proposal type 'class org.eclipse.jdt.internal.ui.text.java.LazyJavaCompletionProposal' ('@deprecated'). Returning original proposal instead.
2015-04-21 10:15:50,459 [main] WARN  o.e.r.c.r.p.ProcessableProposalFactory - Unknown JDT proposal type 'class org.eclipse.jdt.internal.ui.text.java.LazyJavaCompletionProposal' ('@throws'). Returning original proposal instead.
2015-04-21 10:15:50,459 [main] WARN  o.e.r.c.r.p.ProcessableProposalFactory - Unknown JDT proposal type 'class org.eclipse.jdt.internal.ui.text.javadoc.JavadocInlineTagCompletionProposal' ('{@link}'). Returning original proposal instead.
2015-04-21 10:15:50,460 [main] WARN  o.e.r.c.r.p.ProcessableProposalFactory - Unknown JDT proposal type 'class org.eclipse.jdt.internal.ui.text.javadoc.JavadocInlineTagCompletionProposal' ('{@docRoot}'). Returning original proposal instead.
2015-04-21 10:15:50,461 [main] WARN  o.e.r.c.r.p.ProcessableProposalFactory - Unknown JDT proposal type 'class org.eclipse.jdt.internal.ui.text.javadoc.JavadocInlineTagCompletionProposal' ('{@inheritDoc}'). Returning original proposal instead.
2015-04-21 10:15:50,462 [main] WARN  o.e.r.c.r.p.ProcessableProposalFactory - Unknown JDT proposal type 'class org.eclipse.jdt.internal.ui.text.javadoc.JavadocInlineTagCompletionProposal' ('{@value}'). Returning original proposal instead.
2015-04-21 10:15:50,464 [main] WARN  o.e.r.c.r.p.ProcessableProposalFactory - Unknown JDT proposal type 'class org.eclipse.jdt.internal.ui.text.javadoc.JavadocInlineTagCompletionProposal' ('{@literal}'). Returning original proposal instead.
2015-04-21 10:19:51,742 [main] WARN  o.e.r.c.r.p.ProcessableProposalFactory - Unknown JDT proposal type 'class org.eclipse.jdt.internal.ui.text.javadoc.JavadocInlineTagCompletionProposal' ('{@literal}'). Returning original proposal instead.
2015-04-21 10:19:51,743 [main] WARN  o.e.r.c.r.p.ProcessableProposalFactory - Unknown JDT proposal type 'class org.eclipse.jdt.internal.ui.text.javadoc.JavadocInlineTagCompletionProposal' ('{@docRoot}'). Returning original proposal instead.
2015-04-21 10:19:51,743 [main] WARN  o.e.r.c.r.p.ProcessableProposalFactory - Unknown JDT proposal type 'class org.eclipse.jdt.internal.ui.text.java.LazyJavaCompletionProposal' ('@author'). Returning original proposal instead.
2015-04-21 10:19:51,744 [main] WARN  o.e.r.c.r.p.ProcessableProposalFactory - Unknown JDT proposal type 'class org.eclipse.jdt.internal.ui.text.java.LazyJavaCompletionProposal' ('@serial'). Returning original proposal instead.
2015-04-21 10:19:51,744 [main] WARN  o.e.r.c.r.p.ProcessableProposalFactory - Unknown JDT proposal type 'class org.eclipse.jdt.internal.ui.text.java.LazyJavaCompletionProposal' ('@see'). Returning original proposal instead.
2015-04-21 10:19:51,745 [main] WARN  o.e.r.c.r.p.ProcessableProposalFactory - Unknown JDT proposal type 'class org.eclipse.jdt.internal.ui.text.java.LazyJavaCompletionProposal' ('@version'). Returning original proposal instead.
2015-04-21 10:19:51,746 [main] WARN  o.e.r.c.r.p.ProcessableProposalFactory - Unknown JDT proposal type 'class org.eclipse.jdt.internal.ui.text.java.LazyJavaCompletionProposal' ('@since'). Returning original proposal instead.
2015-04-21 10:19:51,747 [main] WARN  o.e.r.c.r.p.ProcessableProposalFactory - Unknown JDT proposal type 'class org.eclipse.jdt.internal.ui.text.java.LazyJavaCompletionProposal' ('@category'). Returning original proposal instead.
2015-04-21 10:19:51,747 [main] WARN  o.e.r.c.r.p.ProcessableProposalFactory - Unknown JDT proposal type 'class org.eclipse.jdt.internal.ui.text.javadoc.JavadocInlineTagCompletionProposal' ('{@link}'). Returning original proposal instead.
2015-04-21 10:19:51,748 [main] WARN  o.e.r.c.r.p.ProcessableProposalFactory - Unknown JDT proposal type 'class org.eclipse.jdt.internal.ui.text.javadoc.JavadocInlineTagCompletionProposal' ('{@linkplain}'). Returning original proposal instead.
2015-04-21 10:19:51,748 [main] WARN  o.e.r.c.r.p.ProcessableProposalFactory - Unknown JDT proposal type 'class org.eclipse.jdt.internal.ui.text.javadoc.JavadocInlineTagCompletionProposal' ('{@code}'). Returning original proposal instead.
2015-04-21 10:19:51,749 [main] WARN  o.e.r.c.r.p.ProcessableProposalFactory - Unknown JDT proposal type 'class org.eclipse.jdt.internal.ui.text.java.LazyJavaCompletionProposal' ('@deprecated'). Returning original proposal instead.
2015-04-21 10:19:51,793 [main] WARN  o.e.r.c.r.p.ProcessableProposalFactory - Unknown JDT proposal type 'class org.eclipse.jdt.internal.ui.text.javadoc.JavadocInlineTagCompletionProposal' ('{@value}'). Returning original proposal instead.
2015-04-21 10:23:20,598 [main] WARN  o.e.r.c.r.p.ProcessableProposalFactory - Unknown JDT proposal type 'class org.eclipse.jdt.internal.ui.text.java.LazyJavaCompletionProposal' ('@serialData'). Returning original proposal instead.
2015-04-21 10:23:20,599 [main] WARN  o.e.r.c.r.p.ProcessableProposalFactory - Unknown JDT proposal type 'class org.eclipse.jdt.internal.ui.text.javadoc.JavadocInlineTagCompletionProposal' ('{@literal}'). Returning original proposal instead.
2015-04-21 10:23:20,600 [main] WARN  o.e.r.c.r.p.ProcessableProposalFactory - Unknown JDT proposal type 'class org.eclipse.jdt.internal.ui.text.java.LazyJavaCompletionProposal' ('@deprecated'). Returning original proposal instead.
2015-04-21 10:23:20,600 [main] WARN  o.e.r.c.r.p.ProcessableProposalFactory - Unknown JDT proposal type 'class org.eclipse.jdt.internal.ui.text.java.LazyJavaCompletionProposal' ('@see'). Returning original proposal instead.
2015-04-21 10:23:20,601 [main] WARN  o.e.r.c.r.p.ProcessableProposalFactory - Unknown JDT proposal type 'class org.eclipse.jdt.internal.ui.text.java.LazyJavaCompletionProposal' ('@category'). Returning original proposal instead.
2015-04-21 10:23:20,601 [main] WARN  o.e.r.c.r.p.ProcessableProposalFactory - Unknown JDT proposal type 'class org.eclipse.jdt.internal.ui.text.javadoc.JavadocInlineTagCompletionProposal' ('{@value}'). Returning original proposal instead.
2015-04-21 10:23:20,602 [main] WARN  o.e.r.c.r.p.ProcessableProposalFactory - Unknown JDT proposal type 'class org.eclipse.jdt.internal.ui.text.javadoc.JavadocInlineTagCompletionProposal' ('{@code}'). Returning original proposal instead.
2015-04-21 10:23:20,602 [main] WARN  o.e.r.c.r.p.ProcessableProposalFactory - Unknown JDT proposal type 'class org.eclipse.jdt.internal.ui.text.javadoc.JavadocInlineTagCompletionProposal' ('{@link}'). Returning original proposal instead.
2015-04-21 10:23:20,603 [main] WARN  o.e.r.c.r.p.ProcessableProposalFactory - Unknown JDT proposal type 'class org.eclipse.jdt.internal.ui.text.javadoc.JavadocInlineTagCompletionProposal' ('{@linkplain}'). Returning original proposal instead.
2015-04-21 10:23:20,603 [main] WARN  o.e.r.c.r.p.ProcessableProposalFactory - Unknown JDT proposal type 'class org.eclipse.jdt.internal.ui.text.java.LazyJavaCompletionProposal' ('@since'). Returning original proposal instead.
2015-04-21 10:23:20,603 [main] WARN  o.e.r.c.r.p.ProcessableProposalFactory - Unknown JDT proposal type 'class org.eclipse.jdt.internal.ui.text.java.LazyJavaCompletionProposal' ('@return'). Returning original proposal instead.
2015-04-21 10:23:20,604 [main] WARN  o.e.r.c.r.p.ProcessableProposalFactory - Unknown JDT proposal type 'class org.eclipse.jdt.internal.ui.text.java.LazyJavaCompletionProposal' ('@throws'). Returning original proposal instead.
2015-04-21 10:23:20,604 [main] WARN  o.e.r.c.r.p.ProcessableProposalFactory - Unknown JDT proposal type 'class org.eclipse.jdt.internal.ui.text.java.LazyJavaCompletionProposal' ('@param'). Returning original proposal instead.
2015-04-21 10:23:20,605 [main] WARN  o.e.r.c.r.p.ProcessableProposalFactory - Unknown JDT proposal type 'class org.eclipse.jdt.internal.ui.text.java.LazyJavaCompletionProposal' ('@exception'). Returning original proposal instead.
2015-04-21 10:23:20,605 [main] WARN  o.e.r.c.r.p.ProcessableProposalFactory - Unknown JDT proposal type 'class org.eclipse.jdt.internal.ui.text.javadoc.JavadocInlineTagCompletionProposal' ('{@inheritDoc}'). Returning original proposal instead.
2015-04-21 10:23:20,606 [main] WARN  o.e.r.c.r.p.ProcessableProposalFactory - Unknown JDT proposal type 'class org.eclipse.jdt.internal.ui.text.javadoc.JavadocInlineTagCompletionProposal' ('{@docRoot}'). Returning original proposal instead.
2015-04-21 10:28:37,875 [main] WARN  o.e.r.c.r.p.ProcessableProposalFactory - Unknown JDT proposal type 'class org.eclipse.jdt.internal.ui.text.java.LazyJavaCompletionProposal' ('@version'). Returning original proposal instead.
2015-04-21 10:28:37,876 [main] WARN  o.e.r.c.r.p.ProcessableProposalFactory - Unknown JDT proposal type 'class org.eclipse.jdt.internal.ui.text.java.LazyJavaCompletionProposal' ('@author'). Returning original proposal instead.
2015-04-21 10:28:37,877 [main] WARN  o.e.r.c.r.p.ProcessableProposalFactory - Unknown JDT proposal type 'class org.eclipse.jdt.internal.ui.text.javadoc.JavadocInlineTagCompletionProposal' ('{@link}'). Returning original proposal instead.
2015-04-21 10:28:37,881 [main] WARN  o.e.r.c.r.p.ProcessableProposalFactory - Unknown JDT proposal type 'class org.eclipse.jdt.internal.ui.text.java.LazyJavaCompletionProposal' ('@deprecated'). Returning original proposal instead.
2015-04-21 10:28:37,882 [main] WARN  o.e.r.c.r.p.ProcessableProposalFactory - Unknown JDT proposal type 'class org.eclipse.jdt.internal.ui.text.javadoc.JavadocInlineTagCompletionProposal' ('{@docRoot}'). Returning original proposal instead.
2015-04-21 10:28:37,889 [main] WARN  o.e.r.c.r.p.ProcessableProposalFactory - Unknown JDT proposal type 'class org.eclipse.jdt.internal.ui.text.java.LazyJavaCompletionProposal' ('@category'). Returning original proposal instead.
2015-04-21 10:28:37,890 [main] WARN  o.e.r.c.r.p.ProcessableProposalFactory - Unknown JDT proposal type 'class org.eclipse.jdt.internal.ui.text.javadoc.JavadocInlineTagCompletionProposal' ('{@linkplain}'). Returning original proposal instead.
2015-04-21 10:28:37,891 [main] WARN  o.e.r.c.r.p.ProcessableProposalFactory - Unknown JDT proposal type 'class org.eclipse.jdt.internal.ui.text.java.LazyJavaCompletionProposal' ('@since'). Returning original proposal instead.
2015-04-21 10:28:37,892 [main] WARN  o.e.r.c.r.p.ProcessableProposalFactory - Unknown JDT proposal type 'class org.eclipse.jdt.internal.ui.text.java.LazyJavaCompletionProposal' ('@see'). Returning original proposal instead.
2015-04-21 10:28:37,892 [main] WARN  o.e.r.c.r.p.ProcessableProposalFactory - Unknown JDT proposal type 'class org.eclipse.jdt.internal.ui.text.java.LazyJavaCompletionProposal' ('@serial'). Returning original proposal instead.
2015-04-21 10:28:37,894 [main] WARN  o.e.r.c.r.p.ProcessableProposalFactory - Unknown JDT proposal type 'class org.eclipse.jdt.internal.ui.text.javadoc.JavadocInlineTagCompletionProposal' ('{@value}'). Returning original proposal instead.
2015-04-21 10:28:37,895 [main] WARN  o.e.r.c.r.p.ProcessableProposalFactory - Unknown JDT proposal type 'class org.eclipse.jdt.internal.ui.text.javadoc.JavadocInlineTagCompletionProposal' ('{@code}'). Returning original proposal instead.
2015-04-21 10:28:37,896 [main] WARN  o.e.r.c.r.p.ProcessableProposalFactory - Unknown JDT proposal type 'class org.eclipse.jdt.internal.ui.text.javadoc.JavadocInlineTagCompletionProposal' ('{@literal}'). Returning original proposal instead.
2015-04-21 10:29:12,980 [main] WARN  o.e.r.c.r.p.ProcessableProposalFactory - Unknown JDT proposal type 'class org.eclipse.jdt.internal.ui.text.java.LazyJavaCompletionProposal' ('@since'). Returning original proposal instead.
2015-04-21 10:29:12,981 [main] WARN  o.e.r.c.r.p.ProcessableProposalFactory - Unknown JDT proposal type 'class org.eclipse.jdt.internal.ui.text.java.LazyJavaCompletionProposal' ('@exception'). Returning original proposal instead.
2015-04-21 10:29:12,982 [main] WARN  o.e.r.c.r.p.ProcessableProposalFactory - Unknown JDT proposal type 'class org.eclipse.jdt.internal.ui.text.java.LazyJavaCompletionProposal' ('@param'). Returning original proposal instead.
2015-04-21 10:29:12,984 [main] WARN  o.e.r.c.r.p.ProcessableProposalFactory - Unknown JDT proposal type 'class org.eclipse.jdt.internal.ui.text.javadoc.JavadocInlineTagCompletionProposal' ('{@link}'). Returning original proposal instead.
2015-04-21 10:29:12,987 [main] WARN  o.e.r.c.r.p.ProcessableProposalFactory - Unknown JDT proposal type 'class org.eclipse.jdt.internal.ui.text.javadoc.JavadocInlineTagCompletionProposal' ('{@code}'). Returning original proposal instead.
2015-04-21 10:29:12,988 [main] WARN  o.e.r.c.r.p.ProcessableProposalFactory - Unknown JDT proposal type 'class org.eclipse.jdt.internal.ui.text.javadoc.JavadocInlineTagCompletionProposal' ('{@inheritDoc}'). Returning original proposal instead.
2015-04-21 10:29:12,997 [main] WARN  o.e.r.c.r.p.ProcessableProposalFactory - Unknown JDT proposal type 'class org.eclipse.jdt.internal.ui.text.java.LazyJavaCompletionProposal' ('@deprecated'). Returning original proposal instead.
2015-04-21 10:29:12,998 [main] WARN  o.e.r.c.r.p.ProcessableProposalFactory - Unknown JDT proposal type 'class org.eclipse.jdt.internal.ui.text.javadoc.JavadocInlineTagCompletionProposal' ('{@literal}'). Returning original proposal instead.
2015-04-21 10:29:12,998 [main] WARN  o.e.r.c.r.p.ProcessableProposalFactory - Unknown JDT proposal type 'class org.eclipse.jdt.internal.ui.text.javadoc.JavadocInlineTagCompletionProposal' ('{@docRoot}'). Returning original proposal instead.
2015-04-21 10:29:12,998 [main] WARN  o.e.r.c.r.p.ProcessableProposalFactory - Unknown JDT proposal type 'class org.eclipse.jdt.internal.ui.text.java.LazyJavaCompletionProposal' ('@throws'). Returning original proposal instead.
2015-04-21 10:29:12,999 [main] WARN  o.e.r.c.r.p.ProcessableProposalFactory - Unknown JDT proposal type 'class org.eclipse.jdt.internal.ui.text.java.LazyJavaCompletionProposal' ('@return'). Returning original proposal instead.
2015-04-21 10:29:12,999 [main] WARN  o.e.r.c.r.p.ProcessableProposalFactory - Unknown JDT proposal type 'class org.eclipse.jdt.internal.ui.text.java.LazyJavaCompletionProposal' ('@serialData'). Returning original proposal instead.
2015-04-21 10:29:13,000 [main] WARN  o.e.r.c.r.p.ProcessableProposalFactory - Unknown JDT proposal type 'class org.eclipse.jdt.internal.ui.text.java.LazyJavaCompletionProposal' ('@category'). Returning original proposal instead.
2015-04-21 10:29:13,000 [main] WARN  o.e.r.c.r.p.ProcessableProposalFactory - Unknown JDT proposal type 'class org.eclipse.jdt.internal.ui.text.javadoc.JavadocInlineTagCompletionProposal' ('{@value}'). Returning original proposal instead.
2015-04-21 10:29:13,003 [main] WARN  o.e.r.c.r.p.ProcessableProposalFactory - Unknown JDT proposal type 'class org.eclipse.jdt.internal.ui.text.javadoc.JavadocInlineTagCompletionProposal' ('{@linkplain}'). Returning original proposal instead.
2015-04-21 10:29:13,044 [main] WARN  o.e.r.c.r.p.ProcessableProposalFactory - Unknown JDT proposal type 'class org.eclipse.jdt.internal.ui.text.java.LazyJavaCompletionProposal' ('@see'). Returning original proposal instead.
2015-04-21 10:34:11,577 [main] WARN  o.e.r.c.r.p.ProcessableProposalFactory - Unknown JDT proposal type 'class org.eclipse.jdt.internal.ui.text.java.LazyJavaCompletionProposal' ('@since'). Returning original proposal instead.
2015-04-21 10:34:11,578 [main] WARN  o.e.r.c.r.p.ProcessableProposalFactory - Unknown JDT proposal type 'class org.eclipse.jdt.internal.ui.text.java.LazyJavaCompletionProposal' ('@deprecated'). Returning original proposal instead.
2015-04-21 10:34:11,578 [main] WARN  o.e.r.c.r.p.ProcessableProposalFactory - Unknown JDT proposal type 'class org.eclipse.jdt.internal.ui.text.javadoc.JavadocInlineTagCompletionProposal' ('{@value}'). Returning original proposal instead.
2015-04-21 10:34:11,579 [main] WARN  o.e.r.c.r.p.ProcessableProposalFactory - Unknown JDT proposal type 'class org.eclipse.jdt.internal.ui.text.java.LazyJavaCompletionProposal' ('@serialData'). Returning original proposal instead.
2015-04-21 10:34:11,579 [main] WARN  o.e.r.c.r.p.ProcessableProposalFactory - Unknown JDT proposal type 'class org.eclipse.jdt.internal.ui.text.javadoc.JavadocInlineTagCompletionProposal' ('{@link}'). Returning original proposal instead.
2015-04-21 10:34:11,579 [main] WARN  o.e.r.c.r.p.ProcessableProposalFactory - Unknown JDT proposal type 'class org.eclipse.jdt.internal.ui.text.javadoc.JavadocInlineTagCompletionProposal' ('{@code}'). Returning original proposal instead.
2015-04-21 10:34:11,580 [main] WARN  o.e.r.c.r.p.ProcessableProposalFactory - Unknown JDT proposal type 'class org.eclipse.jdt.internal.ui.text.javadoc.JavadocInlineTagCompletionProposal' ('{@linkplain}'). Returning original proposal instead.
2015-04-21 10:34:11,580 [main] WARN  o.e.r.c.r.p.ProcessableProposalFactory - Unknown JDT proposal type 'class org.eclipse.jdt.internal.ui.text.javadoc.JavadocInlineTagCompletionProposal' ('{@literal}'). Returning original proposal instead.
2015-04-21 10:34:11,581 [main] WARN  o.e.r.c.r.p.ProcessableProposalFactory - Unknown JDT proposal type 'class org.eclipse.jdt.internal.ui.text.java.LazyJavaCompletionProposal' ('@throws'). Returning original proposal instead.
2015-04-21 10:34:11,581 [main] WARN  o.e.r.c.r.p.ProcessableProposalFactory - Unknown JDT proposal type 'class org.eclipse.jdt.internal.ui.text.java.LazyJavaCompletionProposal' ('@param'). Returning original proposal instead.
2015-04-21 10:34:11,581 [main] WARN  o.e.r.c.r.p.ProcessableProposalFactory - Unknown JDT proposal type 'class org.eclipse.jdt.internal.ui.text.java.LazyJavaCompletionProposal' ('@return'). Returning original proposal instead.
2015-04-21 10:34:11,582 [main] WARN  o.e.r.c.r.p.ProcessableProposalFactory - Unknown JDT proposal type 'class org.eclipse.jdt.internal.ui.text.javadoc.JavadocInlineTagCompletionProposal' ('{@docRoot}'). Returning original proposal instead.
2015-04-21 10:34:11,582 [main] WARN  o.e.r.c.r.p.ProcessableProposalFactory - Unknown JDT proposal type 'class org.eclipse.jdt.internal.ui.text.javadoc.JavadocInlineTagCompletionProposal' ('{@inheritDoc}'). Returning original proposal instead.
2015-04-21 10:34:11,582 [main] WARN  o.e.r.c.r.p.ProcessableProposalFactory - Unknown JDT proposal type 'class org.eclipse.jdt.internal.ui.text.java.LazyJavaCompletionProposal' ('@exception'). Returning original proposal instead.
2015-04-21 10:34:11,583 [main] WARN  o.e.r.c.r.p.ProcessableProposalFactory - Unknown JDT proposal type 'class org.eclipse.jdt.internal.ui.text.java.LazyJavaCompletionProposal' ('@category'). Returning original proposal instead.
2015-04-21 10:34:11,583 [main] WARN  o.e.r.c.r.p.ProcessableProposalFactory - Unknown JDT proposal type 'class org.eclipse.jdt.internal.ui.text.java.LazyJavaCompletionProposal' ('@see'). Returning original proposal instead.
2015-04-21 10:45:57,727 [main] WARN  o.e.r.c.r.p.ProcessableProposalFactory - Unknown JDT proposal type 'class org.eclipse.jdt.internal.ui.text.java.LazyJavaCompletionProposal' ('@deprecated'). Returning original proposal instead.
2015-04-21 10:45:57,730 [main] WARN  o.e.r.c.r.p.ProcessableProposalFactory - Unknown JDT proposal type 'class org.eclipse.jdt.internal.ui.text.java.LazyJavaCompletionProposal' ('@see'). Returning original proposal instead.
2015-04-21 10:45:57,731 [main] WARN  o.e.r.c.r.p.ProcessableProposalFactory - Unknown JDT proposal type 'class org.eclipse.jdt.internal.ui.text.javadoc.JavadocInlineTagCompletionProposal' ('{@value}'). Returning original proposal instead.
2015-04-21 10:45:57,732 [main] WARN  o.e.r.c.r.p.ProcessableProposalFactory - Unknown JDT proposal type 'class org.eclipse.jdt.internal.ui.text.javadoc.JavadocInlineTagCompletionProposal' ('{@code}'). Returning original proposal instead.
2015-04-21 10:45:57,732 [main] WARN  o.e.r.c.r.p.ProcessableProposalFactory - Unknown JDT proposal type 'class org.eclipse.jdt.internal.ui.text.java.LazyJavaCompletionProposal' ('@version'). Returning original proposal instead.
2015-04-21 10:45:57,733 [main] WARN  o.e.r.c.r.p.ProcessableProposalFactory - Unknown JDT proposal type 'class org.eclipse.jdt.internal.ui.text.java.LazyJavaCompletionProposal' ('@category'). Returning original proposal instead.
2015-04-21 10:45:57,735 [main] WARN  o.e.r.c.r.p.ProcessableProposalFactory - Unknown JDT proposal type 'class org.eclipse.jdt.internal.ui.text.javadoc.JavadocInlineTagCompletionProposal' ('{@literal}'). Returning original proposal instead.
2015-04-21 10:45:57,745 [main] WARN  o.e.r.c.r.p.ProcessableProposalFactory - Unknown JDT proposal type 'class org.eclipse.jdt.internal.ui.text.javadoc.JavadocInlineTagCompletionProposal' ('{@linkplain}'). Returning original proposal instead.
2015-04-21 10:45:57,745 [main] WARN  o.e.r.c.r.p.ProcessableProposalFactory - Unknown JDT proposal type 'class org.eclipse.jdt.internal.ui.text.javadoc.JavadocInlineTagCompletionProposal' ('{@link}'). Returning original proposal instead.
2015-04-21 10:45:57,746 [main] WARN  o.e.r.c.r.p.ProcessableProposalFactory - Unknown JDT proposal type 'class org.eclipse.jdt.internal.ui.text.javadoc.JavadocInlineTagCompletionProposal' ('{@docRoot}'). Returning original proposal instead.
2015-04-21 10:45:57,746 [main] WARN  o.e.r.c.r.p.ProcessableProposalFactory - Unknown JDT proposal type 'class org.eclipse.jdt.internal.ui.text.java.LazyJavaCompletionProposal' ('@serial'). Returning original proposal instead.
2015-04-21 10:45:57,746 [main] WARN  o.e.r.c.r.p.ProcessableProposalFactory - Unknown JDT proposal type 'class org.eclipse.jdt.internal.ui.text.java.LazyJavaCompletionProposal' ('@since'). Returning original proposal instead.
2015-04-21 10:45:57,747 [main] WARN  o.e.r.c.r.p.ProcessableProposalFactory - Unknown JDT proposal type 'class org.eclipse.jdt.internal.ui.text.java.LazyJavaCompletionProposal' ('@author'). Returning original proposal instead.
2015-04-21 10:47:24,390 [main] WARN  o.e.r.c.r.p.ProcessableProposalFactory - Unknown JDT proposal type 'class org.eclipse.jdt.internal.ui.text.javadoc.JavadocInlineTagCompletionProposal' ('{@docRoot}'). Returning original proposal instead.
2015-04-21 10:47:24,390 [main] WARN  o.e.r.c.r.p.ProcessableProposalFactory - Unknown JDT proposal type 'class org.eclipse.jdt.internal.ui.text.javadoc.JavadocInlineTagCompletionProposal' ('{@link}'). Returning original proposal instead.
2015-04-21 10:47:24,391 [main] WARN  o.e.r.c.r.p.ProcessableProposalFactory - Unknown JDT proposal type 'class org.eclipse.jdt.internal.ui.text.javadoc.JavadocInlineTagCompletionProposal' ('{@code}'). Returning original proposal instead.
2015-04-21 10:47:24,391 [main] WARN  o.e.r.c.r.p.ProcessableProposalFactory - Unknown JDT proposal type 'class org.eclipse.jdt.internal.ui.text.javadoc.JavadocInlineTagCompletionProposal' ('{@literal}'). Returning original proposal instead.
2015-04-21 10:47:24,392 [main] WARN  o.e.r.c.r.p.ProcessableProposalFactory - Unknown JDT proposal type 'class org.eclipse.jdt.internal.ui.text.java.LazyJavaCompletionProposal' ('@author'). Returning original proposal instead.
2015-04-21 10:47:24,392 [main] WARN  o.e.r.c.r.p.ProcessableProposalFactory - Unknown JDT proposal type 'class org.eclipse.jdt.internal.ui.text.java.LazyJavaCompletionProposal' ('@see'). Returning original proposal instead.
2015-04-21 10:47:24,393 [main] WARN  o.e.r.c.r.p.ProcessableProposalFactory - Unknown JDT proposal type 'class org.eclipse.jdt.internal.ui.text.javadoc.JavadocInlineTagCompletionProposal' ('{@linkplain}'). Returning original proposal instead.
2015-04-21 10:47:24,393 [main] WARN  o.e.r.c.r.p.ProcessableProposalFactory - Unknown JDT proposal type 'class org.eclipse.jdt.internal.ui.text.java.LazyJavaCompletionProposal' ('@category'). Returning original proposal instead.
2015-04-21 10:47:24,393 [main] WARN  o.e.r.c.r.p.ProcessableProposalFactory - Unknown JDT proposal type 'class org.eclipse.jdt.internal.ui.text.javadoc.JavadocInlineTagCompletionProposal' ('{@value}'). Returning original proposal instead.
2015-04-21 10:47:24,394 [main] WARN  o.e.r.c.r.p.ProcessableProposalFactory - Unknown JDT proposal type 'class org.eclipse.jdt.internal.ui.text.java.LazyJavaCompletionProposal' ('@version'). Returning original proposal instead.
2015-04-21 10:47:24,394 [main] WARN  o.e.r.c.r.p.ProcessableProposalFactory - Unknown JDT proposal type 'class org.eclipse.jdt.internal.ui.text.java.LazyJavaCompletionProposal' ('@deprecated'). Returning original proposal instead.
2015-04-21 10:47:24,394 [main] WARN  o.e.r.c.r.p.ProcessableProposalFactory - Unknown JDT proposal type 'class org.eclipse.jdt.internal.ui.text.java.LazyJavaCompletionProposal' ('@since'). Returning original proposal instead.
2015-04-21 10:47:24,395 [main] WARN  o.e.r.c.r.p.ProcessableProposalFactory - Unknown JDT proposal type 'class org.eclipse.jdt.internal.ui.text.java.LazyJavaCompletionProposal' ('@serial'). Returning original proposal instead.
2015-04-21 10:50:17,309 [main] WARN  o.e.r.c.r.p.ProcessableProposalFactory - Unknown JDT proposal type 'class org.eclipse.jdt.internal.ui.text.javadoc.JavadocInlineTagCompletionProposal' ('{@code}'). Returning original proposal instead.
2015-04-21 10:50:17,309 [main] WARN  o.e.r.c.r.p.ProcessableProposalFactory - Unknown JDT proposal type 'class org.eclipse.jdt.internal.ui.text.javadoc.JavadocInlineTagCompletionProposal' ('{@link}'). Returning original proposal instead.
2015-04-21 10:50:17,310 [main] WARN  o.e.r.c.r.p.ProcessableProposalFactory - Unknown JDT proposal type 'class org.eclipse.jdt.internal.ui.text.java.LazyJavaCompletionProposal' ('@see'). Returning original proposal instead.
2015-04-21 10:50:17,310 [main] WARN  o.e.r.c.r.p.ProcessableProposalFactory - Unknown JDT proposal type 'class org.eclipse.jdt.internal.ui.text.java.LazyJavaCompletionProposal' ('@version'). Returning original proposal instead.
2015-04-21 10:50:17,311 [main] WARN  o.e.r.c.r.p.ProcessableProposalFactory - Unknown JDT proposal type 'class org.eclipse.jdt.internal.ui.text.java.LazyJavaCompletionProposal' ('@category'). Returning original proposal instead.
2015-04-21 10:50:17,312 [main] WARN  o.e.r.c.r.p.ProcessableProposalFactory - Unknown JDT proposal type 'class org.eclipse.jdt.internal.ui.text.java.LazyJavaCompletionProposal' ('@deprecated'). Returning original proposal instead.
2015-04-21 10:50:17,312 [main] WARN  o.e.r.c.r.p.ProcessableProposalFactory - Unknown JDT proposal type 'class org.eclipse.jdt.internal.ui.text.java.LazyJavaCompletionProposal' ('@since'). Returning original proposal instead.
2015-04-21 10:50:17,313 [main] WARN  o.e.r.c.r.p.ProcessableProposalFactory - Unknown JDT proposal type 'class org.eclipse.jdt.internal.ui.text.javadoc.JavadocInlineTagCompletionProposal' ('{@docRoot}'). Returning original proposal instead.
2015-04-21 10:50:17,313 [main] WARN  o.e.r.c.r.p.ProcessableProposalFactory - Unknown JDT proposal type 'class org.eclipse.jdt.internal.ui.text.java.LazyJavaCompletionProposal' ('@serial'). Returning original proposal instead.
2015-04-21 10:50:17,320 [main] WARN  o.e.r.c.r.p.ProcessableProposalFactory - Unknown JDT proposal type 'class org.eclipse.jdt.internal.ui.text.java.LazyJavaCompletionProposal' ('@author'). Returning original proposal instead.
2015-04-21 10:50:17,321 [main] WARN  o.e.r.c.r.p.ProcessableProposalFactory - Unknown JDT proposal type 'class org.eclipse.jdt.internal.ui.text.javadoc.JavadocInlineTagCompletionProposal' ('{@linkplain}'). Returning original proposal instead.
2015-04-21 10:50:17,322 [main] WARN  o.e.r.c.r.p.ProcessableProposalFactory - Unknown JDT proposal type 'class org.eclipse.jdt.internal.ui.text.javadoc.JavadocInlineTagCompletionProposal' ('{@value}'). Returning original proposal instead.
2015-04-21 10:50:17,322 [main] WARN  o.e.r.c.r.p.ProcessableProposalFactory - Unknown JDT proposal type 'class org.eclipse.jdt.internal.ui.text.javadoc.JavadocInlineTagCompletionProposal' ('{@literal}'). Returning original proposal instead.
2015-04-21 22:42:25,404 [main] WARN  o.e.r.c.r.p.ProcessableProposalFactory - Unknown JDT proposal type 'class org.eclipse.jdt.internal.ui.text.java.LazyJavaCompletionProposal' ('@exception'). Returning original proposal instead.
2015-04-21 22:42:25,422 [main] WARN  o.e.r.c.r.p.ProcessableProposalFactory - Unknown JDT proposal type 'class org.eclipse.jdt.internal.ui.text.java.LazyJavaCompletionProposal' ('@since'). Returning original proposal instead.
2015-04-21 22:42:25,423 [main] WARN  o.e.r.c.r.p.ProcessableProposalFactory - Unknown JDT proposal type 'class org.eclipse.jdt.internal.ui.text.javadoc.JavadocInlineTagCompletionProposal' ('{@value}'). Returning original proposal instead.
2015-04-21 22:42:25,424 [main] WARN  o.e.r.c.r.p.ProcessableProposalFactory - Unknown JDT proposal type 'class org.eclipse.jdt.internal.ui.text.javadoc.JavadocInlineTagCompletionProposal' ('{@link}'). Returning original proposal instead.
2015-04-21 22:42:25,424 [main] WARN  o.e.r.c.r.p.ProcessableProposalFactory - Unknown JDT proposal type 'class org.eclipse.jdt.internal.ui.text.java.LazyJavaCompletionProposal' ('@see'). Returning original proposal instead.
2015-04-21 22:42:25,425 [main] WARN  o.e.r.c.r.p.ProcessableProposalFactory - Unknown JDT proposal type 'class org.eclipse.jdt.internal.ui.text.java.LazyJavaCompletionProposal' ('@param'). Returning original proposal instead.
2015-04-21 22:42:25,425 [main] WARN  o.e.r.c.r.p.ProcessableProposalFactory - Unknown JDT proposal type 'class org.eclipse.jdt.internal.ui.text.javadoc.JavadocInlineTagCompletionProposal' ('{@linkplain}'). Returning original proposal instead.
2015-04-21 22:42:25,426 [main] WARN  o.e.r.c.r.p.ProcessableProposalFactory - Unknown JDT proposal type 'class org.eclipse.jdt.internal.ui.text.java.LazyJavaCompletionProposal' ('@return'). Returning original proposal instead.
2015-04-21 22:42:25,427 [main] WARN  o.e.r.c.r.p.ProcessableProposalFactory - Unknown JDT proposal type 'class org.eclipse.jdt.internal.ui.text.javadoc.JavadocInlineTagCompletionProposal' ('{@inheritDoc}'). Returning original proposal instead.
2015-04-21 22:42:25,427 [main] WARN  o.e.r.c.r.p.ProcessableProposalFactory - Unknown JDT proposal type 'class org.eclipse.jdt.internal.ui.text.javadoc.JavadocInlineTagCompletionProposal' ('{@code}'). Returning original proposal instead.
2015-04-21 22:42:25,428 [main] WARN  o.e.r.c.r.p.ProcessableProposalFactory - Unknown JDT proposal type 'class org.eclipse.jdt.internal.ui.text.java.LazyJavaCompletionProposal' ('@deprecated'). Returning original proposal instead.
2015-04-21 22:42:25,429 [main] WARN  o.e.r.c.r.p.ProcessableProposalFactory - Unknown JDT proposal type 'class org.eclipse.jdt.internal.ui.text.java.LazyJavaCompletionProposal' ('@category'). Returning original proposal instead.
2015-04-21 22:42:25,429 [main] WARN  o.e.r.c.r.p.ProcessableProposalFactory - Unknown JDT proposal type 'class org.eclipse.jdt.internal.ui.text.java.LazyJavaCompletionProposal' ('@serialData'). Returning original proposal instead.
2015-04-21 22:42:25,430 [main] WARN  o.e.r.c.r.p.ProcessableProposalFactory - Unknown JDT proposal type 'class org.eclipse.jdt.internal.ui.text.java.LazyJavaCompletionProposal' ('@throws'). Returning original proposal instead.
2015-04-21 22:42:25,430 [main] WARN  o.e.r.c.r.p.ProcessableProposalFactory - Unknown JDT proposal type 'class org.eclipse.jdt.internal.ui.text.javadoc.JavadocInlineTagCompletionProposal' ('{@docRoot}'). Returning original proposal instead.
2015-04-21 22:42:25,431 [main] WARN  o.e.r.c.r.p.ProcessableProposalFactory - Unknown JDT proposal type 'class org.eclipse.jdt.internal.ui.text.javadoc.JavadocInlineTagCompletionProposal' ('{@literal}'). Returning original proposal instead.
2015-04-21 22:43:08,829 [main] WARN  o.e.r.c.r.p.ProcessableProposalFactory - Unknown JDT proposal type 'class org.eclipse.jdt.internal.ui.text.java.LazyJavaCompletionProposal' ('@return'). Returning original proposal instead.
2015-04-21 22:43:08,831 [main] WARN  o.e.r.c.r.p.ProcessableProposalFactory - Unknown JDT proposal type 'class org.eclipse.jdt.internal.ui.text.javadoc.JavadocInlineTagCompletionProposal' ('{@link}'). Returning original proposal instead.
2015-04-21 22:43:08,832 [main] WARN  o.e.r.c.r.p.ProcessableProposalFactory - Unknown JDT proposal type 'class org.eclipse.jdt.internal.ui.text.java.LazyJavaCompletionProposal' ('@exception'). Returning original proposal instead.
2015-04-21 22:43:08,833 [main] WARN  o.e.r.c.r.p.ProcessableProposalFactory - Unknown JDT proposal type 'class org.eclipse.jdt.internal.ui.text.java.LazyJavaCompletionProposal' ('@category'). Returning original proposal instead.
2015-04-21 22:43:08,834 [main] WARN  o.e.r.c.r.p.ProcessableProposalFactory - Unknown JDT proposal type 'class org.eclipse.jdt.internal.ui.text.java.LazyJavaCompletionProposal' ('@throws'). Returning original proposal instead.
2015-04-21 22:43:08,836 [main] WARN  o.e.r.c.r.p.ProcessableProposalFactory - Unknown JDT proposal type 'class org.eclipse.jdt.internal.ui.text.javadoc.JavadocInlineTagCompletionProposal' ('{@inheritDoc}'). Returning original proposal instead.
2015-04-21 22:43:08,838 [main] WARN  o.e.r.c.r.p.ProcessableProposalFactory - Unknown JDT proposal type 'class org.eclipse.jdt.internal.ui.text.java.LazyJavaCompletionProposal' ('@since'). Returning original proposal instead.
2015-04-21 22:43:08,839 [main] WARN  o.e.r.c.r.p.ProcessableProposalFactory - Unknown JDT proposal type 'class org.eclipse.jdt.internal.ui.text.java.LazyJavaCompletionProposal' ('@serialData'). Returning original proposal instead.
2015-04-21 22:43:08,840 [main] WARN  o.e.r.c.r.p.ProcessableProposalFactory - Unknown JDT proposal type 'class org.eclipse.jdt.internal.ui.text.java.LazyJavaCompletionProposal' ('@see'). Returning original proposal instead.
2015-04-21 22:43:08,841 [main] WARN  o.e.r.c.r.p.ProcessableProposalFactory - Unknown JDT proposal type 'class org.eclipse.jdt.internal.ui.text.javadoc.JavadocInlineTagCompletionProposal' ('{@linkplain}'). Returning original proposal instead.
2015-04-21 22:43:08,842 [main] WARN  o.e.r.c.r.p.ProcessableProposalFactory - Unknown JDT proposal type 'class org.eclipse.jdt.internal.ui.text.javadoc.JavadocInlineTagCompletionProposal' ('{@value}'). Returning original proposal instead.
2015-04-21 22:43:08,843 [main] WARN  o.e.r.c.r.p.ProcessableProposalFactory - Unknown JDT proposal type 'class org.eclipse.jdt.internal.ui.text.javadoc.JavadocInlineTagCompletionProposal' ('{@docRoot}'). Returning original proposal instead.
2015-04-21 22:43:08,844 [main] WARN  o.e.r.c.r.p.ProcessableProposalFactory - Unknown JDT proposal type 'class org.eclipse.jdt.internal.ui.text.javadoc.JavadocInlineTagCompletionProposal' ('{@literal}'). Returning original proposal instead.
2015-04-21 22:43:08,845 [main] WARN  o.e.r.c.r.p.ProcessableProposalFactory - Unknown JDT proposal type 'class org.eclipse.jdt.internal.ui.text.java.LazyJavaCompletionProposal' ('@deprecated'). Returning original proposal instead.
2015-04-21 22:43:08,846 [main] WARN  o.e.r.c.r.p.ProcessableProposalFactory - Unknown JDT proposal type 'class org.eclipse.jdt.internal.ui.text.javadoc.JavadocInlineTagCompletionProposal' ('{@code}'). Returning original proposal instead.
2015-04-21 22:43:08,847 [main] WARN  o.e.r.c.r.p.ProcessableProposalFactory - Unknown JDT proposal type 'class org.eclipse.jdt.internal.ui.text.java.LazyJavaCompletionProposal' ('@param'). Returning original proposal instead.
2015-04-21 22:44:36,323 [main] WARN  o.e.r.c.r.p.ProcessableProposalFactory - Unknown JDT proposal type 'class org.eclipse.jdt.internal.ui.text.javadoc.JavadocInlineTagCompletionProposal' ('{@linkplain}'). Returning original proposal instead.
2015-04-21 22:44:36,325 [main] WARN  o.e.r.c.r.p.ProcessableProposalFactory - Unknown JDT proposal type 'class org.eclipse.jdt.internal.ui.text.javadoc.JavadocInlineTagCompletionProposal' ('{@inheritDoc}'). Returning original proposal instead.
2015-04-21 22:44:36,326 [main] WARN  o.e.r.c.r.p.ProcessableProposalFactory - Unknown JDT proposal type 'class org.eclipse.jdt.internal.ui.text.java.LazyJavaCompletionProposal' ('@see'). Returning original proposal instead.
2015-04-21 22:44:36,327 [main] WARN  o.e.r.c.r.p.ProcessableProposalFactory - Unknown JDT proposal type 'class org.eclipse.jdt.internal.ui.text.javadoc.JavadocInlineTagCompletionProposal' ('{@literal}'). Returning original proposal instead.
2015-04-21 22:44:36,328 [main] WARN  o.e.r.c.r.p.ProcessableProposalFactory - Unknown JDT proposal type 'class org.eclipse.jdt.internal.ui.text.java.LazyJavaCompletionProposal' ('@return'). Returning original proposal instead.
2015-04-21 22:44:36,329 [main] WARN  o.e.r.c.r.p.ProcessableProposalFactory - Unknown JDT proposal type 'class org.eclipse.jdt.internal.ui.text.javadoc.JavadocInlineTagCompletionProposal' ('{@link}'). Returning original proposal instead.
2015-04-21 22:44:36,330 [main] WARN  o.e.r.c.r.p.ProcessableProposalFactory - Unknown JDT proposal type 'class org.eclipse.jdt.internal.ui.text.java.LazyJavaCompletionProposal' ('@deprecated'). Returning original proposal instead.
2015-04-21 22:44:36,331 [main] WARN  o.e.r.c.r.p.ProcessableProposalFactory - Unknown JDT proposal type 'class org.eclipse.jdt.internal.ui.text.java.LazyJavaCompletionProposal' ('@category'). Returning original proposal instead.
2015-04-21 22:44:36,332 [main] WARN  o.e.r.c.r.p.ProcessableProposalFactory - Unknown JDT proposal type 'class org.eclipse.jdt.internal.ui.text.java.LazyJavaCompletionProposal' ('@exception'). Returning original proposal instead.
2015-04-21 22:44:36,333 [main] WARN  o.e.r.c.r.p.ProcessableProposalFactory - Unknown JDT proposal type 'class org.eclipse.jdt.internal.ui.text.java.LazyJavaCompletionProposal' ('@since'). Returning original proposal instead.
2015-04-21 22:44:36,334 [main] WARN  o.e.r.c.r.p.ProcessableProposalFactory - Unknown JDT proposal type 'class org.eclipse.jdt.internal.ui.text.java.LazyJavaCompletionProposal' ('@throws'). Returning original proposal instead.
2015-04-21 22:44:36,335 [main] WARN  o.e.r.c.r.p.ProcessableProposalFactory - Unknown JDT proposal type 'class org.eclipse.jdt.internal.ui.text.javadoc.JavadocInlineTagCompletionProposal' ('{@docRoot}'). Returning original proposal instead.
2015-04-21 22:44:36,336 [main] WARN  o.e.r.c.r.p.ProcessableProposalFactory - Unknown JDT proposal type 'class org.eclipse.jdt.internal.ui.text.javadoc.JavadocInlineTagCompletionProposal' ('{@value}'). Returning original proposal instead.
2015-04-21 22:44:36,337 [main] WARN  o.e.r.c.r.p.ProcessableProposalFactory - Unknown JDT proposal type 'class org.eclipse.jdt.internal.ui.text.java.LazyJavaCompletionProposal' ('@serialData'). Returning original proposal instead.
2015-04-21 22:44:36,338 [main] WARN  o.e.r.c.r.p.ProcessableProposalFactory - Unknown JDT proposal type 'class org.eclipse.jdt.internal.ui.text.javadoc.JavadocInlineTagCompletionProposal' ('{@code}'). Returning original proposal instead.
2015-04-21 22:44:36,339 [main] WARN  o.e.r.c.r.p.ProcessableProposalFactory - Unknown JDT proposal type 'class org.eclipse.jdt.internal.ui.text.java.LazyJavaCompletionProposal' ('@param'). Returning original proposal instead.
